<?xml version="1.0" encoding="UTF-8"?>
<!-- Generated by org.testng.reporters.JUnitReportReporter -->
<testsuite hostname="DESKTOP-U2FSUON" failures="0" tests="1" name="Maven_Project.TestNG_Practice.Personal_Information" time="0.008" errors="0" timestamp="2024-03-01T09:01:41 IST" skipped="0">
  <testcase classname="Maven_Project.TestNG_Practice.Personal_Information" name="f" time="0.008"/>
  <system-out/>
</testsuite> <!-- Maven_Project.TestNG_Practice.Personal_Information -->
