<?xml version="1.0" encoding="UTF-8"?>
<!-- Generated by org.testng.reporters.JUnitReportReporter -->
<testsuite hostname="DESKTOP-U2FSUON" failures="0" tests="1" name="Maven_Project.TestNG_Practice.ReadExel" time="7.974" errors="0" timestamp="2024-02-28T21:00:07 IST" skipped="0">
  <testcase classname="Maven_Project.TestNG_Practice.ReadExel" name="fblogin" time="7.974"/>
  <system-out/>
</testsuite> <!-- Maven_Project.TestNG_Practice.ReadExel -->
